CRITICAL - 2022-02-28 23:42:25 --> The framework needs the following extension(s) installed and loaded: intl.
#0 E:\Desktop\univo2021\system\CodeIgniter.php(219): CodeIgniter\Exceptions\FrameworkException::forMissingExtension('intl')
#1 E:\Desktop\univo2021\system\CodeIgniter.php(177): CodeIgniter\CodeIgniter->resolvePlatformExtensions()
#2 E:\Desktop\univo2021\system\bootstrap.php(146): CodeIgniter\CodeIgniter->initialize()
#3 E:\Desktop\univo2021\spark(45): require('E:\\Desktop\\univ...')
#4 {main}
CRITICAL - 2022-02-28 23:42:50 --> The framework needs the following extension(s) installed and loaded: intl.
#0 E:\Desktop\univo2021\system\CodeIgniter.php(219): CodeIgniter\Exceptions\FrameworkException::forMissingExtension('intl')
#1 E:\Desktop\univo2021\system\CodeIgniter.php(177): CodeIgniter\CodeIgniter->resolvePlatformExtensions()
#2 E:\Desktop\univo2021\system\bootstrap.php(146): CodeIgniter\CodeIgniter->initialize()
#3 E:\Desktop\univo2021\spark(45): require('E:\\Desktop\\univ...')
#4 {main}
CRITICAL - 2022-02-28 19:58:10 --> Call to undefined method CodeIgniter\View\View::extends()
#0 E:\Desktop\univo2021\system\View\View.php(210): include()
#1 E:\Desktop\univo2021\system\View\View.php(213): CodeIgniter\View\View->CodeIgniter\View\{closure}()
#2 E:\Desktop\univo2021\system\Common.php(1089): CodeIgniter\View\View->render('dashboard/index', Array, true)
#3 E:\Desktop\univo2021\app\Controllers\Dashboard.php(9): view('dashboard/index')
#4 E:\Desktop\univo2021\system\CodeIgniter.php(832): App\Controllers\Dashboard->index()
#5 E:\Desktop\univo2021\system\CodeIgniter.php(419): CodeIgniter\CodeIgniter->runController(Object(App\Controllers\Dashboard))
#6 E:\Desktop\univo2021\system\CodeIgniter.php(326): CodeIgniter\CodeIgniter->handleRequest(NULL, Object(Config\Cache), false)
#7 E:\Desktop\univo2021\public\index.php(37): CodeIgniter\CodeIgniter->run()
#8 E:\Desktop\univo2021\system\Commands\Server\rewrite.php(43): require_once('E:\\Desktop\\univ...')
#9 {main}
CRITICAL - 2022-02-28 19:58:22 --> Call to undefined method CodeIgniter\View\View::extends()
#0 E:\Desktop\univo2021\system\View\View.php(210): include()
#1 E:\Desktop\univo2021\system\View\View.php(213): CodeIgniter\View\View->CodeIgniter\View\{closure}()
#2 E:\Desktop\univo2021\system\Common.php(1089): CodeIgniter\View\View->render('dashboard/index', Array, true)
#3 E:\Desktop\univo2021\app\Controllers\Dashboard.php(9): view('dashboard/index')
#4 E:\Desktop\univo2021\system\CodeIgniter.php(832): App\Controllers\Dashboard->index()
#5 E:\Desktop\univo2021\system\CodeIgniter.php(419): CodeIgniter\CodeIgniter->runController(Object(App\Controllers\Dashboard))
#6 E:\Desktop\univo2021\system\CodeIgniter.php(326): CodeIgniter\CodeIgniter->handleRequest(NULL, Object(Config\Cache), false)
#7 E:\Desktop\univo2021\public\index.php(37): CodeIgniter\CodeIgniter->run()
#8 E:\Desktop\univo2021\system\Commands\Server\rewrite.php(43): require_once('E:\\Desktop\\univ...')
#9 {main}
CRITICAL - 2022-02-28 19:58:48 --> Call to undefined method CodeIgniter\View\View::extends()
#0 E:\Desktop\univo2021\system\View\View.php(210): include()
#1 E:\Desktop\univo2021\system\View\View.php(213): CodeIgniter\View\View->CodeIgniter\View\{closure}()
#2 E:\Desktop\univo2021\system\Common.php(1089): CodeIgniter\View\View->render('dashboard/index', Array, true)
#3 E:\Desktop\univo2021\app\Controllers\Dashboard.php(9): view('dashboard/index')
#4 E:\Desktop\univo2021\system\CodeIgniter.php(832): App\Controllers\Dashboard->index()
#5 E:\Desktop\univo2021\system\CodeIgniter.php(419): CodeIgniter\CodeIgniter->runController(Object(App\Controllers\Dashboard))
#6 E:\Desktop\univo2021\system\CodeIgniter.php(326): CodeIgniter\CodeIgniter->handleRequest(NULL, Object(Config\Cache), false)
#7 E:\Desktop\univo2021\public\index.php(37): CodeIgniter\CodeIgniter->run()
#8 E:\Desktop\univo2021\system\Commands\Server\rewrite.php(43): require_once('E:\\Desktop\\univ...')
#9 {main}
CRITICAL - 2022-02-28 19:59:44 --> Call to undefined method CodeIgniter\View\View::extends()
#0 E:\Desktop\univo2021\system\View\View.php(210): include()
#1 E:\Desktop\univo2021\system\View\View.php(213): CodeIgniter\View\View->CodeIgniter\View\{closure}()
#2 E:\Desktop\univo2021\system\Common.php(1089): CodeIgniter\View\View->render('dashboard/index', Array, true)
#3 E:\Desktop\univo2021\app\Controllers\Dashboard.php(9): view('dashboard/index')
#4 E:\Desktop\univo2021\system\CodeIgniter.php(832): App\Controllers\Dashboard->index()
#5 E:\Desktop\univo2021\system\CodeIgniter.php(419): CodeIgniter\CodeIgniter->runController(Object(App\Controllers\Dashboard))
#6 E:\Desktop\univo2021\system\CodeIgniter.php(326): CodeIgniter\CodeIgniter->handleRequest(NULL, Object(Config\Cache), false)
#7 E:\Desktop\univo2021\public\index.php(37): CodeIgniter\CodeIgniter->run()
#8 E:\Desktop\univo2021\system\Commands\Server\rewrite.php(43): require_once('E:\\Desktop\\univ...')
#9 {main}
CRITICAL - 2022-02-28 20:01:25 --> Call to undefined method CodeIgniter\View\View::extends()
#0 E:\Desktop\univo2021\system\View\View.php(210): include()
#1 E:\Desktop\univo2021\system\View\View.php(213): CodeIgniter\View\View->CodeIgniter\View\{closure}()
#2 E:\Desktop\univo2021\system\Common.php(1089): CodeIgniter\View\View->render('dashboard/index', Array, true)
#3 E:\Desktop\univo2021\app\Controllers\Dashboard.php(9): view('dashboard/index')
#4 E:\Desktop\univo2021\system\CodeIgniter.php(832): App\Controllers\Dashboard->index()
#5 E:\Desktop\univo2021\system\CodeIgniter.php(419): CodeIgniter\CodeIgniter->runController(Object(App\Controllers\Dashboard))
#6 E:\Desktop\univo2021\system\CodeIgniter.php(326): CodeIgniter\CodeIgniter->handleRequest(NULL, Object(Config\Cache), false)
#7 E:\Desktop\univo2021\public\index.php(37): CodeIgniter\CodeIgniter->run()
#8 E:\Desktop\univo2021\system\Commands\Server\rewrite.php(43): require_once('E:\\Desktop\\univ...')
#9 {main}
CRITICAL - 2022-02-28 20:09:16 --> Call to undefined method CodeIgniter\View\View::extends()
#0 E:\Desktop\univo2021\system\View\View.php(210): include()
#1 E:\Desktop\univo2021\system\View\View.php(213): CodeIgniter\View\View->CodeIgniter\View\{closure}()
#2 E:\Desktop\univo2021\system\Common.php(1089): CodeIgniter\View\View->render('dashboard/index', Array, true)
#3 E:\Desktop\univo2021\app\Controllers\Dashboard.php(9): view('dashboard/index')
#4 E:\Desktop\univo2021\system\CodeIgniter.php(832): App\Controllers\Dashboard->index()
#5 E:\Desktop\univo2021\system\CodeIgniter.php(419): CodeIgniter\CodeIgniter->runController(Object(App\Controllers\Dashboard))
#6 E:\Desktop\univo2021\system\CodeIgniter.php(326): CodeIgniter\CodeIgniter->handleRequest(NULL, Object(Config\Cache), false)
#7 E:\Desktop\univo2021\public\index.php(37): CodeIgniter\CodeIgniter->run()
#8 E:\Desktop\univo2021\system\Commands\Server\rewrite.php(43): require_once('E:\\Desktop\\univ...')
#9 {main}
CRITICAL - 2022-02-28 20:10:43 --> Call to undefined method CodeIgniter\View\View::extends()
#0 E:\Desktop\univo2021\system\View\View.php(210): include()
#1 E:\Desktop\univo2021\system\View\View.php(213): CodeIgniter\View\View->CodeIgniter\View\{closure}()
#2 E:\Desktop\univo2021\system\Common.php(1089): CodeIgniter\View\View->render('dashboard/index', Array, true)
#3 E:\Desktop\univo2021\app\Controllers\Dashboard.php(9): view('dashboard/index')
#4 E:\Desktop\univo2021\system\CodeIgniter.php(832): App\Controllers\Dashboard->index()
#5 E:\Desktop\univo2021\system\CodeIgniter.php(419): CodeIgniter\CodeIgniter->runController(Object(App\Controllers\Dashboard))
#6 E:\Desktop\univo2021\system\CodeIgniter.php(326): CodeIgniter\CodeIgniter->handleRequest(NULL, Object(Config\Cache), false)
#7 E:\Desktop\univo2021\public\index.php(37): CodeIgniter\CodeIgniter->run()
#8 E:\Desktop\univo2021\system\Commands\Server\rewrite.php(43): require_once('E:\\Desktop\\univ...')
#9 {main}
CRITICAL - 2022-02-28 20:10:55 --> Call to undefined method CodeIgniter\View\View::extends()
#0 E:\Desktop\univo2021\system\View\View.php(210): include()
#1 E:\Desktop\univo2021\system\View\View.php(213): CodeIgniter\View\View->CodeIgniter\View\{closure}()
#2 E:\Desktop\univo2021\system\Common.php(1089): CodeIgniter\View\View->render('dashboard/index', Array, true)
#3 E:\Desktop\univo2021\app\Controllers\Dashboard.php(9): view('dashboard/index')
#4 E:\Desktop\univo2021\system\CodeIgniter.php(832): App\Controllers\Dashboard->index()
#5 E:\Desktop\univo2021\system\CodeIgniter.php(419): CodeIgniter\CodeIgniter->runController(Object(App\Controllers\Dashboard))
#6 E:\Desktop\univo2021\system\CodeIgniter.php(326): CodeIgniter\CodeIgniter->handleRequest(NULL, Object(Config\Cache), false)
#7 E:\Desktop\univo2021\public\index.php(37): CodeIgniter\CodeIgniter->run()
#8 E:\Desktop\univo2021\system\Commands\Server\rewrite.php(43): require_once('E:\\Desktop\\univ...')
#9 {main}
CRITICAL - 2022-02-28 20:12:12 --> Call to undefined method CodeIgniter\View\View::extends()
#0 E:\Desktop\univo2021\system\View\View.php(210): include()
#1 E:\Desktop\univo2021\system\View\View.php(213): CodeIgniter\View\View->CodeIgniter\View\{closure}()
#2 E:\Desktop\univo2021\system\Common.php(1089): CodeIgniter\View\View->render('dashboard/index', Array, true)
#3 E:\Desktop\univo2021\app\Controllers\Dashboard.php(9): view('dashboard/index')
#4 E:\Desktop\univo2021\system\CodeIgniter.php(832): App\Controllers\Dashboard->index()
#5 E:\Desktop\univo2021\system\CodeIgniter.php(419): CodeIgniter\CodeIgniter->runController(Object(App\Controllers\Dashboard))
#6 E:\Desktop\univo2021\system\CodeIgniter.php(326): CodeIgniter\CodeIgniter->handleRequest(NULL, Object(Config\Cache), false)
#7 E:\Desktop\univo2021\public\index.php(37): CodeIgniter\CodeIgniter->run()
#8 E:\Desktop\univo2021\system\Commands\Server\rewrite.php(43): require_once('E:\\Desktop\\univ...')
#9 {main}
CRITICAL - 2022-02-28 20:13:14 --> Call to undefined method CodeIgniter\View\View::extends()
#0 E:\Desktop\univo2021\system\View\View.php(210): include()
#1 E:\Desktop\univo2021\system\View\View.php(213): CodeIgniter\View\View->CodeIgniter\View\{closure}()
#2 E:\Desktop\univo2021\system\Common.php(1089): CodeIgniter\View\View->render('dashboard/index', Array, true)
#3 E:\Desktop\univo2021\app\Controllers\Dashboard.php(9): view('dashboard/index')
#4 E:\Desktop\univo2021\system\CodeIgniter.php(832): App\Controllers\Dashboard->index()
#5 E:\Desktop\univo2021\system\CodeIgniter.php(419): CodeIgniter\CodeIgniter->runController(Object(App\Controllers\Dashboard))
#6 E:\Desktop\univo2021\system\CodeIgniter.php(326): CodeIgniter\CodeIgniter->handleRequest(NULL, Object(Config\Cache), false)
#7 E:\Desktop\univo2021\public\index.php(37): CodeIgniter\CodeIgniter->run()
#8 E:\Desktop\univo2021\system\Commands\Server\rewrite.php(43): require_once('E:\\Desktop\\univ...')
#9 {main}
CRITICAL - 2022-02-28 20:14:37 --> Call to undefined method CodeIgniter\View\View::extends()
#0 E:\Desktop\univo2021\system\View\View.php(210): include()
#1 E:\Desktop\univo2021\system\View\View.php(213): CodeIgniter\View\View->CodeIgniter\View\{closure}()
#2 E:\Desktop\univo2021\system\Common.php(1089): CodeIgniter\View\View->render('dashboard/index', Array, true)
#3 E:\Desktop\univo2021\app\Controllers\Dashboard.php(9): view('dashboard/index')
#4 E:\Desktop\univo2021\system\CodeIgniter.php(832): App\Controllers\Dashboard->index()
#5 E:\Desktop\univo2021\system\CodeIgniter.php(419): CodeIgniter\CodeIgniter->runController(Object(App\Controllers\Dashboard))
#6 E:\Desktop\univo2021\system\CodeIgniter.php(326): CodeIgniter\CodeIgniter->handleRequest(NULL, Object(Config\Cache), false)
#7 E:\Desktop\univo2021\public\index.php(37): CodeIgniter\CodeIgniter->run()
#8 E:\Desktop\univo2021\system\Commands\Server\rewrite.php(43): require_once('E:\\Desktop\\univ...')
#9 {main}
CRITICAL - 2022-02-28 20:15:05 --> Call to undefined method CodeIgniter\View\View::extends()
#0 E:\Desktop\univo2021\system\View\View.php(210): include()
#1 E:\Desktop\univo2021\system\View\View.php(213): CodeIgniter\View\View->CodeIgniter\View\{closure}()
#2 E:\Desktop\univo2021\system\Common.php(1089): CodeIgniter\View\View->render('dashboard/index', Array, true)
#3 E:\Desktop\univo2021\app\Controllers\Dashboard.php(9): view('dashboard/index')
#4 E:\Desktop\univo2021\system\CodeIgniter.php(832): App\Controllers\Dashboard->index()
#5 E:\Desktop\univo2021\system\CodeIgniter.php(419): CodeIgniter\CodeIgniter->runController(Object(App\Controllers\Dashboard))
#6 E:\Desktop\univo2021\system\CodeIgniter.php(326): CodeIgniter\CodeIgniter->handleRequest(NULL, Object(Config\Cache), false)
#7 E:\Desktop\univo2021\public\index.php(37): CodeIgniter\CodeIgniter->run()
#8 E:\Desktop\univo2021\system\Commands\Server\rewrite.php(43): require_once('E:\\Desktop\\univ...')
#9 {main}
